[0.034s] Invoking command in '/home/robousr/ws_proyecto/omnidirectional_pkgs/build/omnidirectional_bringup': CMAKE_PREFIX_PATH=${CMAKE_PREFIX_PATH}:/opt/ros/humble /usr/bin/cmake /home/robousr/ws_proyecto/omnidirectional_pkgs/omnidirectional_bringup -DCMAKE_INSTALL_PREFIX=/home/robousr/ws_proyecto/omnidirectional_pkgs/install/omnidirectional_bringup
[0.716s] -- The C compiler identification is GNU 11.4.0
[1.839s] -- The CXX compiler identification is GNU 11.4.0
[5.503s] -- Detecting C compiler ABI info
[5.658s] -- Detecting C compiler ABI info - done
[5.668s] -- Check for working C compiler: /usr/bin/cc - skipped
[5.670s] -- Detecting C compile features
[5.672s] -- Detecting C compile features - done
[5.683s] -- Detecting CXX compiler ABI info
[5.831s] -- Detecting CXX compiler ABI info - done
[5.845s] -- Check for working CXX compiler: /usr/bin/c++ - skipped
[5.846s] -- Detecting CXX compile features
[5.848s] -- Detecting CXX compile features - done
[5.864s] -- Found ament_cmake: 1.3.10 (/opt/ros/humble/share/ament_cmake/cmake)
[6.943s] -- Found Python3: /home/robousr/.pyenv/shims/python3 (found version "3.10.12") found components: Interpreter 
[7.769s] -- Found rclpy: 3.3.14 (/opt/ros/humble/share/rclpy/cmake)
[7.773s] -- Found std_msgs: 4.2.4 (/opt/ros/humble/share/std_msgs/cmake)
[7.876s] -- Found rosidl_generator_c: 3.1.5 (/opt/ros/humble/share/rosidl_generator_c/cmake)
[7.891s] -- Found rosidl_adapter: 3.1.5 (/opt/ros/humble/share/rosidl_adapter/cmake)
[7.918s] -- Found rosidl_generator_cpp: 3.1.5 (/opt/ros/humble/share/rosidl_generator_cpp/cmake)
[7.953s] -- Using all available rosidl_typesupport_c: rosidl_typesupport_fastrtps_c;rosidl_typesupport_introspection_c
[8.333s] -- Using all available rosidl_typesupport_cpp: rosidl_typesupport_fastrtps_cpp;rosidl_typesupport_introspection_cpp
[8.425s] -- Found control_msgs: 4.6.0 (/opt/ros/humble/share/control_msgs/cmake)
[8.968s] -- Configuring done
[8.976s] -- Generating done
[8.979s] -- Build files have been written to: /home/robousr/ws_proyecto/omnidirectional_pkgs/build/omnidirectional_bringup
[9.000s] Invoked command in '/home/robousr/ws_proyecto/omnidirectional_pkgs/build/omnidirectional_bringup' returned '0': CMAKE_PREFIX_PATH=${CMAKE_PREFIX_PATH}:/opt/ros/humble /usr/bin/cmake /home/robousr/ws_proyecto/omnidirectional_pkgs/omnidirectional_bringup -DCMAKE_INSTALL_PREFIX=/home/robousr/ws_proyecto/omnidirectional_pkgs/install/omnidirectional_bringup
[9.003s] Invoking command in '/home/robousr/ws_proyecto/omnidirectional_pkgs/build/omnidirectional_bringup': CMAKE_PREFIX_PATH=${CMAKE_PREFIX_PATH}:/opt/ros/humble /usr/bin/cmake --build /home/robousr/ws_proyecto/omnidirectional_pkgs/build/omnidirectional_bringup -- -j2 -l2
[9.073s] Invoked command in '/home/robousr/ws_proyecto/omnidirectional_pkgs/build/omnidirectional_bringup' returned '0': CMAKE_PREFIX_PATH=${CMAKE_PREFIX_PATH}:/opt/ros/humble /usr/bin/cmake --build /home/robousr/ws_proyecto/omnidirectional_pkgs/build/omnidirectional_bringup -- -j2 -l2
[9.166s] Invoking command in '/home/robousr/ws_proyecto/omnidirectional_pkgs/build/omnidirectional_bringup': CMAKE_PREFIX_PATH=${CMAKE_PREFIX_PATH}:/opt/ros/humble /usr/bin/cmake --install /home/robousr/ws_proyecto/omnidirectional_pkgs/build/omnidirectional_bringup
[9.175s] -- Install configuration: ""
[9.177s] -- Installing: /home/robousr/ws_proyecto/omnidirectional_pkgs/install/omnidirectional_bringup/share/omnidirectional_bringup//launch
[9.178s] -- Installing: /home/robousr/ws_proyecto/omnidirectional_pkgs/install/omnidirectional_bringup/share/omnidirectional_bringup//launch/omni_test.launch.xml
[9.178s] -- Installing: /home/robousr/ws_proyecto/omnidirectional_pkgs/install/omnidirectional_bringup/share/omnidirectional_bringup//launch/omni_controller.launch.py
[9.178s] -- Installing: /home/robousr/ws_proyecto/omnidirectional_pkgs/install/omnidirectional_bringup/share/omnidirectional_bringup//rviz
[9.178s] -- Installing: /home/robousr/ws_proyecto/omnidirectional_pkgs/install/omnidirectional_bringup/share/omnidirectional_bringup//rviz/omni_control_rviz.rviz
[9.178s] -- Installing: /home/robousr/ws_proyecto/omnidirectional_pkgs/install/omnidirectional_bringup/share/omnidirectional_bringup//world
[9.180s] -- Installing: /home/robousr/ws_proyecto/omnidirectional_pkgs/install/omnidirectional_bringup/share/omnidirectional_bringup//world/test_w_1.world
[9.181s] -- Installing: /home/robousr/ws_proyecto/omnidirectional_pkgs/install/omnidirectional_bringup/share/omnidirectional_bringup//scripts
[9.181s] -- Installing: /home/robousr/ws_proyecto/omnidirectional_pkgs/install/omnidirectional_bringup/share/ament_index/resource_index/package_run_dependencies/omnidirectional_bringup
[9.181s] -- Installing: /home/robousr/ws_proyecto/omnidirectional_pkgs/install/omnidirectional_bringup/share/ament_index/resource_index/parent_prefix_path/omnidirectional_bringup
[9.181s] -- Installing: /home/robousr/ws_proyecto/omnidirectional_pkgs/install/omnidirectional_bringup/share/omnidirectional_bringup/environment/ament_prefix_path.sh
[9.182s] -- Installing: /home/robousr/ws_proyecto/omnidirectional_pkgs/install/omnidirectional_bringup/share/omnidirectional_bringup/environment/ament_prefix_path.dsv
[9.182s] -- Installing: /home/robousr/ws_proyecto/omnidirectional_pkgs/install/omnidirectional_bringup/share/omnidirectional_bringup/environment/path.sh
[9.184s] -- Installing: /home/robousr/ws_proyecto/omnidirectional_pkgs/install/omnidirectional_bringup/share/omnidirectional_bringup/environment/path.dsv
[9.185s] -- Installing: /home/robousr/ws_proyecto/omnidirectional_pkgs/install/omnidirectional_bringup/share/omnidirectional_bringup/local_setup.bash
[9.185s] -- Installing: /home/robousr/ws_proyecto/omnidirectional_pkgs/install/omnidirectional_bringup/share/omnidirectional_bringup/local_setup.sh
[9.186s] -- Installing: /home/robousr/ws_proyecto/omnidirectional_pkgs/install/omnidirectional_bringup/share/omnidirectional_bringup/local_setup.zsh
[9.187s] -- Installing: /home/robousr/ws_proyecto/omnidirectional_pkgs/install/omnidirectional_bringup/share/omnidirectional_bringup/local_setup.dsv
[9.187s] -- Installing: /home/robousr/ws_proyecto/omnidirectional_pkgs/install/omnidirectional_bringup/share/omnidirectional_bringup/package.dsv
[9.187s] -- Installing: /home/robousr/ws_proyecto/omnidirectional_pkgs/install/omnidirectional_bringup/share/ament_index/resource_index/packages/omnidirectional_bringup
[9.187s] -- Installing: /home/robousr/ws_proyecto/omnidirectional_pkgs/install/omnidirectional_bringup/share/omnidirectional_bringup/cmake/omnidirectional_bringupConfig.cmake
[9.187s] -- Installing: /home/robousr/ws_proyecto/omnidirectional_pkgs/install/omnidirectional_bringup/share/omnidirectional_bringup/cmake/omnidirectional_bringupConfig-version.cmake
[9.187s] -- Installing: /home/robousr/ws_proyecto/omnidirectional_pkgs/install/omnidirectional_bringup/share/omnidirectional_bringup/package.xml
[9.190s] Invoked command in '/home/robousr/ws_proyecto/omnidirectional_pkgs/build/omnidirectional_bringup' returned '0': CMAKE_PREFIX_PATH=${CMAKE_PREFIX_PATH}:/opt/ros/humble /usr/bin/cmake --install /home/robousr/ws_proyecto/omnidirectional_pkgs/build/omnidirectional_bringup
