[0.153s] DEBUG:colcon:Command line arguments: ['/usr/bin/colcon', 'build']
[0.153s] DEBUG:colcon:Parsed command line arguments: Namespace(log_base=None, log_level=None, verb_name='build', build_base='build', install_base='install', merge_install=False, symlink_install=False, test_result_base=None, continue_on_error=False, executor='parallel', parallel_workers=2, event_handlers=None, ignore_user_meta=False, metas=['./colcon.meta'], base_paths=['.'], packages_ignore=None, packages_ignore_regex=None, paths=None, packages_up_to=None, packages_up_to_regex=None, packages_above=None, packages_above_and_dependencies=None, packages_above_depth=None, packages_select_by_dep=None, packages_skip_by_dep=None, packages_skip_up_to=None, packages_select_build_failed=False, packages_skip_build_finished=False, packages_select_test_failures=False, packages_skip_test_passed=False, packages_select=None, packages_skip=None, packages_select_regex=None, packages_skip_regex=None, packages_start=None, packages_end=None, allow_overriding=[], cmake_args=None, cmake_target=None, cmake_target_skip_unavailable=False, cmake_clean_cache=False, cmake_clean_first=False, cmake_force_configure=False, ament_cmake_args=None, catkin_cmake_args=None, catkin_skip_building_tests=False, mixin_files=None, mixin=None, verb_parser=<colcon_mixin.mixin.mixin_argument.MixinArgumentDecorator object at 0x7f224492bac0>, verb_extension=<colcon_core.verb.build.BuildVerb object at 0x7f224492b580>, main=<bound method BuildVerb.main of <colcon_core.verb.build.BuildVerb object at 0x7f224492b580>>, mixin_verb=('build',))
[0.373s] Level 1:colcon.colcon_core.package_discovery:discover_packages(colcon_meta) check parameters
[0.373s] Level 1:colcon.colcon_core.package_discovery:discover_packages(recursive) check parameters
[0.373s] Level 1:colcon.colcon_core.package_discovery:discover_packages(ignore) check parameters
[0.373s] Level 1:colcon.colcon_core.package_discovery:discover_packages(path) check parameters
[0.373s] Level 1:colcon.colcon_core.package_discovery:discover_packages(colcon_meta) discover
[0.373s] Level 1:colcon.colcon_core.package_discovery:discover_packages(recursive) discover
[0.373s] INFO:colcon.colcon_core.package_discovery:Crawling recursively for packages in '/home/robousr/ws_proyecto/src/omnidirectional_pkgs'
[0.373s] Level 1:colcon.colcon_core.package_identification:_identify(.) by extensions ['ignore', 'ignore_ament_install']
[0.373s] Level 1:colcon.colcon_core.package_identification:_identify(.) by extension 'ignore'
[0.373s] Level 1:colcon.colcon_core.package_identification:_identify(.) by extension 'ignore_ament_install'
[0.374s] Level 1:colcon.colcon_core.package_identification:_identify(.) by extensions ['colcon_pkg']
[0.374s] Level 1:colcon.colcon_core.package_identification:_identify(.) by extension 'colcon_pkg'
[0.374s] Level 1:colcon.colcon_core.package_identification:_identify(.) by extensions ['colcon_meta']
[0.374s] Level 1:colcon.colcon_core.package_identification:_identify(.) by extension 'colcon_meta'
[0.374s] Level 1:colcon.colcon_core.package_identification:_identify(.) by extensions ['ros']
[0.374s] Level 1:colcon.colcon_core.package_identification:_identify(.) by extension 'ros'
[0.387s] Level 1:colcon.colcon_core.package_identification:_identify(.) by extensions ['cmake', 'python']
[0.387s] Level 1:colcon.colcon_core.package_identification:_identify(.) by extension 'cmake'
[0.387s] Level 1:colcon.colcon_core.package_identification:_identify(.) by extension 'python'
[0.387s] Level 1:colcon.colcon_core.package_identification:_identify(.) by extensions ['python_setup_py']
[0.387s] Level 1:colcon.colcon_core.package_identification:_identify(.) by extension 'python_setup_py'
[0.387s] Level 1:colcon.colcon_core.package_identification:_identify(build) by extensions ['ignore', 'ignore_ament_install']
[0.387s] Level 1:colcon.colcon_core.package_identification:_identify(build) by extension 'ignore'
[0.387s] Level 1:colcon.colcon_core.package_identification:_identify(build) ignored
[0.388s] Level 1:colcon.colcon_core.package_identification:_identify(install) by extensions ['ignore', 'ignore_ament_install']
[0.388s] Level 1:colcon.colcon_core.package_identification:_identify(install) by extension 'ignore'
[0.388s] Level 1:colcon.colcon_core.package_identification:_identify(install) ignored
[0.388s] Level 1:colcon.colcon_core.package_identification:_identify(log) by extensions ['ignore', 'ignore_ament_install']
[0.388s] Level 1:colcon.colcon_core.package_identification:_identify(log) by extension 'ignore'
[0.388s] Level 1:colcon.colcon_core.package_identification:_identify(log) ignored
[0.388s] Level 1:colcon.colcon_core.package_identification:_identify(omnidirectional_bringup) by extensions ['ignore', 'ignore_ament_install']
[0.388s] Level 1:colcon.colcon_core.package_identification:_identify(omnidirectional_bringup) by extension 'ignore'
[0.388s] Level 1:colcon.colcon_core.package_identification:_identify(omnidirectional_bringup) by extension 'ignore_ament_install'
[0.389s] Level 1:colcon.colcon_core.package_identification:_identify(omnidirectional_bringup) by extensions ['colcon_pkg']
[0.389s] Level 1:colcon.colcon_core.package_identification:_identify(omnidirectional_bringup) by extension 'colcon_pkg'
[0.389s] Level 1:colcon.colcon_core.package_identification:_identify(omnidirectional_bringup) by extensions ['colcon_meta']
[0.389s] Level 1:colcon.colcon_core.package_identification:_identify(omnidirectional_bringup) by extension 'colcon_meta'
[0.389s] Level 1:colcon.colcon_core.package_identification:_identify(omnidirectional_bringup) by extensions ['ros']
[0.389s] Level 1:colcon.colcon_core.package_identification:_identify(omnidirectional_bringup) by extension 'ros'
[0.391s] DEBUG:colcon.colcon_core.package_identification:Package 'omnidirectional_bringup' with type 'ros.ament_cmake' and name 'omnidirectional_bringup'
[0.391s] Level 1:colcon.colcon_core.package_identification:_identify(omnidirectional_description) by extensions ['ignore', 'ignore_ament_install']
[0.392s] Level 1:colcon.colcon_core.package_identification:_identify(omnidirectional_description) by extension 'ignore'
[0.392s] Level 1:colcon.colcon_core.package_identification:_identify(omnidirectional_description) by extension 'ignore_ament_install'
[0.392s] Level 1:colcon.colcon_core.package_identification:_identify(omnidirectional_description) by extensions ['colcon_pkg']
[0.392s] Level 1:colcon.colcon_core.package_identification:_identify(omnidirectional_description) by extension 'colcon_pkg'
[0.392s] Level 1:colcon.colcon_core.package_identification:_identify(omnidirectional_description) by extensions ['colcon_meta']
[0.392s] Level 1:colcon.colcon_core.package_identification:_identify(omnidirectional_description) by extension 'colcon_meta'
[0.392s] Level 1:colcon.colcon_core.package_identification:_identify(omnidirectional_description) by extensions ['ros']
[0.392s] Level 1:colcon.colcon_core.package_identification:_identify(omnidirectional_description) by extension 'ros'
[0.393s] DEBUG:colcon.colcon_core.package_identification:Package 'omnidirectional_description' with type 'ros.ament_cmake' and name 'omnidirectional_description'
[0.393s] Level 1:colcon.colcon_core.package_discovery:discover_packages(recursive) using defaults
[0.393s] Level 1:colcon.colcon_core.package_discovery:discover_packages(ignore) discover
[0.393s] Level 1:colcon.colcon_core.package_discovery:discover_packages(ignore) using defaults
[0.393s] Level 1:colcon.colcon_core.package_discovery:discover_packages(path) discover
[0.393s] Level 1:colcon.colcon_core.package_discovery:discover_packages(path) using defaults
[0.417s] Level 1:colcon.colcon_core.package_discovery:discover_packages(prefix_path) check parameters
[0.417s] Level 1:colcon.colcon_core.package_discovery:discover_packages(prefix_path) discover
[0.418s] WARNING:colcon.colcon_core.prefix_path.colcon:The path '/home/robousr/ws_proyecto/install' in the environment variable COLCON_PREFIX_PATH doesn't exist
[0.418s] WARNING:colcon.colcon_ros.prefix_path.ament:The path '/home/robousr/ws_proyecto/install/omnidirectional_description' in the environment variable AMENT_PREFIX_PATH doesn't exist
[0.418s] WARNING:colcon.colcon_ros.prefix_path.ament:The path '/home/robousr/ws_proyecto/install/omnidirectional_bringup' in the environment variable AMENT_PREFIX_PATH doesn't exist
[0.419s] WARNING:colcon.colcon_ros.prefix_path.ament:The path '/home/robousr/ws_proyecto/install/MovilOmnidireccional_description' in the environment variable AMENT_PREFIX_PATH doesn't exist
[0.419s] WARNING:colcon.colcon_ros.prefix_path.ament:The path '/home/robousr/ws_proyecto/install/MovilOmnidireccional_bringup' in the environment variable AMENT_PREFIX_PATH doesn't exist
[0.419s] WARNING:colcon.colcon_ros.prefix_path.catkin:The path '/home/robousr/ws_proyecto/install/omnidirectional_description' in the environment variable CMAKE_PREFIX_PATH doesn't exist
[0.419s] WARNING:colcon.colcon_ros.prefix_path.catkin:The path '/home/robousr/ws_proyecto/install/omnidirectional_bringup' in the environment variable CMAKE_PREFIX_PATH doesn't exist
[0.419s] WARNING:colcon.colcon_ros.prefix_path.catkin:The path '/home/robousr/ws_proyecto/install/MovilOmnidireccional_description' in the environment variable CMAKE_PREFIX_PATH doesn't exist
[0.419s] WARNING:colcon.colcon_ros.prefix_path.catkin:The path '/home/robousr/ws_proyecto/install/MovilOmnidireccional_bringup' in the environment variable CMAKE_PREFIX_PATH doesn't exist
[0.420s] DEBUG:colcon.colcon_installed_package_information.package_discovery:Found 1 installed packages in /home/robousr/ws_Uriel/tm_ejem1_ws/install
[0.421s] DEBUG:colcon.colcon_installed_package_information.package_discovery:Found 303 installed packages in /opt/ros/humble
[0.423s] Level 1:colcon.colcon_core.package_discovery:discover_packages(prefix_path) using defaults
[0.497s] Level 5:colcon.colcon_core.verb:set package 'omnidirectional_bringup' build argument 'cmake_args' from command line to 'None'
[0.497s] Level 5:colcon.colcon_core.verb:set package 'omnidirectional_bringup' build argument 'cmake_target' from command line to 'None'
[0.497s] Level 5:colcon.colcon_core.verb:set package 'omnidirectional_bringup' build argument 'cmake_target_skip_unavailable' from command line to 'False'
[0.497s] Level 5:colcon.colcon_core.verb:set package 'omnidirectional_bringup' build argument 'cmake_clean_cache' from command line to 'False'
[0.497s] Level 5:colcon.colcon_core.verb:set package 'omnidirectional_bringup' build argument 'cmake_clean_first' from command line to 'False'
[0.497s] Level 5:colcon.colcon_core.verb:set package 'omnidirectional_bringup' build argument 'cmake_force_configure' from command line to 'False'
[0.497s] Level 5:colcon.colcon_core.verb:set package 'omnidirectional_bringup' build argument 'ament_cmake_args' from command line to 'None'
[0.497s] Level 5:colcon.colcon_core.verb:set package 'omnidirectional_bringup' build argument 'catkin_cmake_args' from command line to 'None'
[0.497s] Level 5:colcon.colcon_core.verb:set package 'omnidirectional_bringup' build argument 'catkin_skip_building_tests' from command line to 'False'
[0.497s] DEBUG:colcon.colcon_core.verb:Building package 'omnidirectional_bringup' with the following arguments: {'ament_cmake_args': None, 'build_base': '/home/robousr/ws_proyecto/src/omnidirectional_pkgs/build/omnidirectional_bringup', 'catkin_cmake_args': None, 'catkin_skip_building_tests': False, 'cmake_args': None, 'cmake_clean_cache': False, 'cmake_clean_first': False, 'cmake_force_configure': False, 'cmake_target': None, 'cmake_target_skip_unavailable': False, 'install_base': '/home/robousr/ws_proyecto/src/omnidirectional_pkgs/install/omnidirectional_bringup', 'merge_install': False, 'path': '/home/robousr/ws_proyecto/src/omnidirectional_pkgs/omnidirectional_bringup', 'symlink_install': False, 'test_result_base': None}
[0.498s] Level 5:colcon.colcon_core.verb:set package 'omnidirectional_description' build argument 'cmake_args' from command line to 'None'
[0.498s] Level 5:colcon.colcon_core.verb:set package 'omnidirectional_description' build argument 'cmake_target' from command line to 'None'
[0.498s] Level 5:colcon.colcon_core.verb:set package 'omnidirectional_description' build argument 'cmake_target_skip_unavailable' from command line to 'False'
[0.498s] Level 5:colcon.colcon_core.verb:set package 'omnidirectional_description' build argument 'cmake_clean_cache' from command line to 'False'
[0.498s] Level 5:colcon.colcon_core.verb:set package 'omnidirectional_description' build argument 'cmake_clean_first' from command line to 'False'
[0.498s] Level 5:colcon.colcon_core.verb:set package 'omnidirectional_description' build argument 'cmake_force_configure' from command line to 'False'
[0.498s] Level 5:colcon.colcon_core.verb:set package 'omnidirectional_description' build argument 'ament_cmake_args' from command line to 'None'
[0.498s] Level 5:colcon.colcon_core.verb:set package 'omnidirectional_description' build argument 'catkin_cmake_args' from command line to 'None'
[0.498s] Level 5:colcon.colcon_core.verb:set package 'omnidirectional_description' build argument 'catkin_skip_building_tests' from command line to 'False'
[0.498s] DEBUG:colcon.colcon_core.verb:Building package 'omnidirectional_description' with the following arguments: {'ament_cmake_args': None, 'build_base': '/home/robousr/ws_proyecto/src/omnidirectional_pkgs/build/omnidirectional_description', 'catkin_cmake_args': None, 'catkin_skip_building_tests': False, 'cmake_args': None, 'cmake_clean_cache': False, 'cmake_clean_first': False, 'cmake_force_configure': False, 'cmake_target': None, 'cmake_target_skip_unavailable': False, 'install_base': '/home/robousr/ws_proyecto/src/omnidirectional_pkgs/install/omnidirectional_description', 'merge_install': False, 'path': '/home/robousr/ws_proyecto/src/omnidirectional_pkgs/omnidirectional_description', 'symlink_install': False, 'test_result_base': None}
[0.498s] INFO:colcon.colcon_core.executor:Executing jobs using 'parallel' executor
[0.500s] DEBUG:colcon.colcon_parallel_executor.executor.parallel:run_until_complete
[0.500s] INFO:colcon.colcon_ros.task.ament_cmake.build:Building ROS package in '/home/robousr/ws_proyecto/src/omnidirectional_pkgs/omnidirectional_bringup' with build type 'ament_cmake'
[0.500s] INFO:colcon.colcon_cmake.task.cmake.build:Building CMake package in '/home/robousr/ws_proyecto/src/omnidirectional_pkgs/omnidirectional_bringup'
[0.503s] INFO:colcon.colcon_core.plugin_system:Skipping extension 'colcon_core.shell.bat': Not used on non-Windows systems
[0.503s] INFO:colcon.colcon_core.shell:Skip shell extension 'powershell' for command environment: Not usable outside of PowerShell
[0.503s] DEBUG:colcon.colcon_core.shell:Skip shell extension 'dsv' for command environment
[0.507s] INFO:colcon.colcon_ros.task.ament_cmake.build:Building ROS package in '/home/robousr/ws_proyecto/src/omnidirectional_pkgs/omnidirectional_description' with build type 'ament_cmake'
[0.509s] INFO:colcon.colcon_cmake.task.cmake.build:Building CMake package in '/home/robousr/ws_proyecto/src/omnidirectional_pkgs/omnidirectional_description'
[0.510s] INFO:colcon.colcon_core.shell:Skip shell extension 'powershell' for command environment: Not usable outside of PowerShell
[0.510s] DEBUG:colcon.colcon_core.shell:Skip shell extension 'dsv' for command environment
[0.520s] DEBUG:colcon.colcon_core.event_handler.log_command:Invoking command in '/home/robousr/ws_proyecto/src/omnidirectional_pkgs/build/omnidirectional_bringup': CMAKE_PREFIX_PATH=${CMAKE_PREFIX_PATH}:/opt/ros/humble /usr/bin/cmake --build /home/robousr/ws_proyecto/src/omnidirectional_pkgs/build/omnidirectional_bringup -- -j2 -l2
[0.540s] DEBUG:colcon.colcon_core.event_handler.log_command:Invoking command in '/home/robousr/ws_proyecto/src/omnidirectional_pkgs/build/omnidirectional_description': CMAKE_PREFIX_PATH=${CMAKE_PREFIX_PATH}:/opt/ros/humble /usr/bin/cmake --build /home/robousr/ws_proyecto/src/omnidirectional_pkgs/build/omnidirectional_description -- -j2 -l2
[0.580s] DEBUG:colcon.colcon_core.event_handler.log_command:Invoked command in '/home/robousr/ws_proyecto/src/omnidirectional_pkgs/build/omnidirectional_bringup' returned '2': CMAKE_PREFIX_PATH=${CMAKE_PREFIX_PATH}:/opt/ros/humble /usr/bin/cmake --build /home/robousr/ws_proyecto/src/omnidirectional_pkgs/build/omnidirectional_bringup -- -j2 -l2
[0.591s] DEBUG:colcon.colcon_core.event_handler.log_command:Invoked command in '/home/robousr/ws_proyecto/src/omnidirectional_pkgs/build/omnidirectional_description' returned '2': CMAKE_PREFIX_PATH=${CMAKE_PREFIX_PATH}:/opt/ros/humble /usr/bin/cmake --build /home/robousr/ws_proyecto/src/omnidirectional_pkgs/build/omnidirectional_description -- -j2 -l2
[0.617s] Level 1:colcon.colcon_core.environment:create_environment_scripts_only(omnidirectional_bringup)
[0.620s] Level 1:colcon.colcon_core.environment:checking '/home/robousr/ws_proyecto/src/omnidirectional_pkgs/install/omnidirectional_bringup' for CMake module files
[0.621s] Level 1:colcon.colcon_core.environment:checking '/home/robousr/ws_proyecto/src/omnidirectional_pkgs/install/omnidirectional_bringup' for CMake config files
[0.621s] Level 1:colcon.colcon_core.shell:create_environment_hook('omnidirectional_bringup', 'cmake_prefix_path')
[0.622s] INFO:colcon.colcon_core.shell:Creating environment hook '/home/robousr/ws_proyecto/src/omnidirectional_pkgs/install/omnidirectional_bringup/share/omnidirectional_bringup/hook/cmake_prefix_path.ps1'
[0.624s] INFO:colcon.colcon_core.shell:Creating environment descriptor '/home/robousr/ws_proyecto/src/omnidirectional_pkgs/install/omnidirectional_bringup/share/omnidirectional_bringup/hook/cmake_prefix_path.dsv'
[0.627s] INFO:colcon.colcon_core.shell:Creating environment hook '/home/robousr/ws_proyecto/src/omnidirectional_pkgs/install/omnidirectional_bringup/share/omnidirectional_bringup/hook/cmake_prefix_path.sh'
[0.631s] Level 1:colcon.colcon_core.environment:checking '/home/robousr/ws_proyecto/src/omnidirectional_pkgs/install/omnidirectional_bringup/bin'
[0.632s] Level 1:colcon.colcon_core.environment:checking '/home/robousr/ws_proyecto/src/omnidirectional_pkgs/install/omnidirectional_bringup/lib/pkgconfig/omnidirectional_bringup.pc'
[0.632s] Level 1:colcon.colcon_core.environment:checking '/home/robousr/ws_proyecto/src/omnidirectional_pkgs/install/omnidirectional_bringup/lib/python3.10/site-packages'
[0.633s] Level 1:colcon.colcon_core.environment:checking '/home/robousr/ws_proyecto/src/omnidirectional_pkgs/install/omnidirectional_bringup/bin'
[0.634s] INFO:colcon.colcon_core.shell:Creating package script '/home/robousr/ws_proyecto/src/omnidirectional_pkgs/install/omnidirectional_bringup/share/omnidirectional_bringup/package.ps1'
[0.636s] INFO:colcon.colcon_core.shell:Creating package descriptor '/home/robousr/ws_proyecto/src/omnidirectional_pkgs/install/omnidirectional_bringup/share/omnidirectional_bringup/package.dsv'
[0.637s] INFO:colcon.colcon_core.shell:Creating package script '/home/robousr/ws_proyecto/src/omnidirectional_pkgs/install/omnidirectional_bringup/share/omnidirectional_bringup/package.sh'
[0.641s] INFO:colcon.colcon_core.shell:Creating package script '/home/robousr/ws_proyecto/src/omnidirectional_pkgs/install/omnidirectional_bringup/share/omnidirectional_bringup/package.bash'
[0.643s] INFO:colcon.colcon_core.shell:Creating package script '/home/robousr/ws_proyecto/src/omnidirectional_pkgs/install/omnidirectional_bringup/share/omnidirectional_bringup/package.zsh'
[0.649s] Level 1:colcon.colcon_core.environment:create_file_with_runtime_dependencies(/home/robousr/ws_proyecto/src/omnidirectional_pkgs/install/omnidirectional_bringup/share/colcon-core/packages/omnidirectional_bringup)
[0.665s] DEBUG:colcon.colcon_parallel_executor.executor.parallel:closing loop
[0.665s] DEBUG:colcon.colcon_parallel_executor.executor.parallel:loop closed
[0.665s] DEBUG:colcon.colcon_parallel_executor.executor.parallel:run_until_complete finished with '2'
[0.666s] DEBUG:colcon.colcon_core.event_reactor:joining thread
[0.678s] INFO:colcon.colcon_core.plugin_system:Skipping extension 'colcon_notification.desktop_notification.terminal_notifier': Not used on non-Darwin systems
[0.679s] INFO:colcon.colcon_core.plugin_system:Skipping extension 'colcon_notification.desktop_notification.win32': Not used on non-Windows systems
[0.679s] INFO:colcon.colcon_notification.desktop_notification:Sending desktop notification using 'notify2'
[0.701s] DEBUG:colcon.colcon_core.event_reactor:joined thread
[0.702s] INFO:colcon.colcon_core.shell:Creating prefix script '/home/robousr/ws_proyecto/src/omnidirectional_pkgs/install/local_setup.ps1'
[0.705s] INFO:colcon.colcon_core.shell:Creating prefix util module '/home/robousr/ws_proyecto/src/omnidirectional_pkgs/install/_local_setup_util_ps1.py'
[0.707s] INFO:colcon.colcon_core.shell:Creating prefix chain script '/home/robousr/ws_proyecto/src/omnidirectional_pkgs/install/setup.ps1'
[0.711s] INFO:colcon.colcon_core.shell:Creating prefix script '/home/robousr/ws_proyecto/src/omnidirectional_pkgs/install/local_setup.sh'
[0.713s] INFO:colcon.colcon_core.shell:Creating prefix util module '/home/robousr/ws_proyecto/src/omnidirectional_pkgs/install/_local_setup_util_sh.py'
[0.715s] INFO:colcon.colcon_core.shell:Creating prefix chain script '/home/robousr/ws_proyecto/src/omnidirectional_pkgs/install/setup.sh'
[0.717s] INFO:colcon.colcon_core.shell:Creating prefix script '/home/robousr/ws_proyecto/src/omnidirectional_pkgs/install/local_setup.bash'
[0.718s] INFO:colcon.colcon_core.shell:Creating prefix chain script '/home/robousr/ws_proyecto/src/omnidirectional_pkgs/install/setup.bash'
[0.719s] INFO:colcon.colcon_core.shell:Creating prefix script '/home/robousr/ws_proyecto/src/omnidirectional_pkgs/install/local_setup.zsh'
[0.720s] INFO:colcon.colcon_core.shell:Creating prefix chain script '/home/robousr/ws_proyecto/src/omnidirectional_pkgs/install/setup.zsh'
