[0.033s] Invoking command in '/home/robousr/ws_proyecto/omnidirectional_pkgs/build/omnidirectional_bringup': CMAKE_PREFIX_PATH=${CMAKE_PREFIX_PATH}:/opt/ros/humble /usr/bin/cmake --build /home/robousr/ws_proyecto/omnidirectional_pkgs/build/omnidirectional_bringup -- -j2 -l2
[0.196s] -- Found ament_cmake: 1.3.10 (/opt/ros/humble/share/ament_cmake/cmake)
[0.669s] -- Found rclpy: 3.3.14 (/opt/ros/humble/share/rclpy/cmake)
[0.671s] -- Found std_msgs: 4.2.4 (/opt/ros/humble/share/std_msgs/cmake)
[0.725s] -- Found rosidl_generator_c: 3.1.5 (/opt/ros/humble/share/rosidl_generator_c/cmake)
[0.733s] -- Found rosidl_adapter: 3.1.5 (/opt/ros/humble/share/rosidl_adapter/cmake)
[0.751s] -- Found rosidl_generator_cpp: 3.1.5 (/opt/ros/humble/share/rosidl_generator_cpp/cmake)
[0.773s] -- Using all available rosidl_typesupport_c: rosidl_typesupport_fastrtps_c;rosidl_typesupport_introspection_c
[0.800s] -- Using all available rosidl_typesupport_cpp: rosidl_typesupport_fastrtps_cpp;rosidl_typesupport_introspection_cpp
[0.852s] -- Found control_msgs: 4.6.0 (/opt/ros/humble/share/control_msgs/cmake)
[1.240s] -- Configuring done
[1.264s] -- Generating done
[1.270s] -- Build files have been written to: /home/robousr/ws_proyecto/omnidirectional_pkgs/build/omnidirectional_bringup
[1.304s] Invoked command in '/home/robousr/ws_proyecto/omnidirectional_pkgs/build/omnidirectional_bringup' returned '0': CMAKE_PREFIX_PATH=${CMAKE_PREFIX_PATH}:/opt/ros/humble /usr/bin/cmake --build /home/robousr/ws_proyecto/omnidirectional_pkgs/build/omnidirectional_bringup -- -j2 -l2
[1.358s] Invoking command in '/home/robousr/ws_proyecto/omnidirectional_pkgs/build/omnidirectional_bringup': CMAKE_PREFIX_PATH=${CMAKE_PREFIX_PATH}:/opt/ros/humble /usr/bin/cmake --install /home/robousr/ws_proyecto/omnidirectional_pkgs/build/omnidirectional_bringup
[1.366s] -- Install configuration: ""
[1.366s] -- Up-to-date: /home/robousr/ws_proyecto/omnidirectional_pkgs/install/omnidirectional_bringup/share/omnidirectional_bringup//launch
[1.366s] -- Up-to-date: /home/robousr/ws_proyecto/omnidirectional_pkgs/install/omnidirectional_bringup/share/omnidirectional_bringup//launch/omni_test.launch.xml
[1.366s] -- Up-to-date: /home/robousr/ws_proyecto/omnidirectional_pkgs/install/omnidirectional_bringup/share/omnidirectional_bringup//launch/omni_controller.launch.py
[1.366s] -- Up-to-date: /home/robousr/ws_proyecto/omnidirectional_pkgs/install/omnidirectional_bringup/share/omnidirectional_bringup//rviz
[1.366s] -- Up-to-date: /home/robousr/ws_proyecto/omnidirectional_pkgs/install/omnidirectional_bringup/share/omnidirectional_bringup//rviz/omni_control_rviz.rviz
[1.366s] -- Up-to-date: /home/robousr/ws_proyecto/omnidirectional_pkgs/install/omnidirectional_bringup/share/omnidirectional_bringup//world
[1.366s] -- Up-to-date: /home/robousr/ws_proyecto/omnidirectional_pkgs/install/omnidirectional_bringup/share/omnidirectional_bringup//world/test_w_1.world
[1.367s] -- Up-to-date: /home/robousr/ws_proyecto/omnidirectional_pkgs/install/omnidirectional_bringup/share/omnidirectional_bringup//scripts
[1.367s] -- Up-to-date: /home/robousr/ws_proyecto/omnidirectional_pkgs/install/omnidirectional_bringup/share/ament_index/resource_index/package_run_dependencies/omnidirectional_bringup
[1.367s] -- Up-to-date: /home/robousr/ws_proyecto/omnidirectional_pkgs/install/omnidirectional_bringup/share/ament_index/resource_index/parent_prefix_path/omnidirectional_bringup
[1.368s] -- Up-to-date: /home/robousr/ws_proyecto/omnidirectional_pkgs/install/omnidirectional_bringup/share/omnidirectional_bringup/environment/ament_prefix_path.sh
[1.368s] -- Installing: /home/robousr/ws_proyecto/omnidirectional_pkgs/install/omnidirectional_bringup/share/omnidirectional_bringup/environment/ament_prefix_path.dsv
[1.368s] -- Up-to-date: /home/robousr/ws_proyecto/omnidirectional_pkgs/install/omnidirectional_bringup/share/omnidirectional_bringup/environment/path.sh
[1.369s] -- Installing: /home/robousr/ws_proyecto/omnidirectional_pkgs/install/omnidirectional_bringup/share/omnidirectional_bringup/environment/path.dsv
[1.369s] -- Up-to-date: /home/robousr/ws_proyecto/omnidirectional_pkgs/install/omnidirectional_bringup/share/omnidirectional_bringup/local_setup.bash
[1.370s] -- Up-to-date: /home/robousr/ws_proyecto/omnidirectional_pkgs/install/omnidirectional_bringup/share/omnidirectional_bringup/local_setup.sh
[1.370s] -- Up-to-date: /home/robousr/ws_proyecto/omnidirectional_pkgs/install/omnidirectional_bringup/share/omnidirectional_bringup/local_setup.zsh
[1.371s] -- Installing: /home/robousr/ws_proyecto/omnidirectional_pkgs/install/omnidirectional_bringup/share/omnidirectional_bringup/local_setup.dsv
[1.371s] -- Installing: /home/robousr/ws_proyecto/omnidirectional_pkgs/install/omnidirectional_bringup/share/omnidirectional_bringup/package.dsv
[1.371s] -- Up-to-date: /home/robousr/ws_proyecto/omnidirectional_pkgs/install/omnidirectional_bringup/share/ament_index/resource_index/packages/omnidirectional_bringup
[1.372s] -- Up-to-date: /home/robousr/ws_proyecto/omnidirectional_pkgs/install/omnidirectional_bringup/share/omnidirectional_bringup/cmake/omnidirectional_bringupConfig.cmake
[1.372s] -- Up-to-date: /home/robousr/ws_proyecto/omnidirectional_pkgs/install/omnidirectional_bringup/share/omnidirectional_bringup/cmake/omnidirectional_bringupConfig-version.cmake
[1.373s] -- Up-to-date: /home/robousr/ws_proyecto/omnidirectional_pkgs/install/omnidirectional_bringup/share/omnidirectional_bringup/package.xml
[1.376s] Invoked command in '/home/robousr/ws_proyecto/omnidirectional_pkgs/build/omnidirectional_bringup' returned '0': CMAKE_PREFIX_PATH=${CMAKE_PREFIX_PATH}:/opt/ros/humble /usr/bin/cmake --install /home/robousr/ws_proyecto/omnidirectional_pkgs/build/omnidirectional_bringup
