[0.012s] Invoking command in '/home/robousr/ws_proyecto/omnidirectional_pkgs/build/omnidirectional_description': CMAKE_PREFIX_PATH=${CMAKE_PREFIX_PATH}:/opt/ros/humble /usr/bin/cmake --build /home/robousr/ws_proyecto/omnidirectional_pkgs/build/omnidirectional_description -- -j4 -l4
[0.050s] Invoked command in '/home/robousr/ws_proyecto/omnidirectional_pkgs/build/omnidirectional_description' returned '0': CMAKE_PREFIX_PATH=${CMAKE_PREFIX_PATH}:/opt/ros/humble /usr/bin/cmake --build /home/robousr/ws_proyecto/omnidirectional_pkgs/build/omnidirectional_description -- -j4 -l4
[0.082s] Invoking command in '/home/robousr/ws_proyecto/omnidirectional_pkgs/build/omnidirectional_description': CMAKE_PREFIX_PATH=${CMAKE_PREFIX_PATH}:/opt/ros/humble /usr/bin/cmake --install /home/robousr/ws_proyecto/omnidirectional_pkgs/build/omnidirectional_description
[0.084s] -- Install configuration: ""
[0.084s] -- Up-to-date: /home/robousr/ws_proyecto/omnidirectional_pkgs/install/omnidirectional_description/share/omnidirectional_description//urdf
[0.085s] -- Installing: /home/robousr/ws_proyecto/omnidirectional_pkgs/install/omnidirectional_description/share/omnidirectional_description//urdf/omnidirectional.urdf
[0.085s] -- Up-to-date: /home/robousr/ws_proyecto/omnidirectional_pkgs/install/omnidirectional_description/share/omnidirectional_description//urdf/omni_controller.xacro
[0.086s] -- Installing: /home/robousr/ws_proyecto/omnidirectional_pkgs/install/omnidirectional_description/share/omnidirectional_description//urdf/omnidirectional_urdf.xacro
[0.086s] -- Up-to-date: /home/robousr/ws_proyecto/omnidirectional_pkgs/install/omnidirectional_description/share/omnidirectional_description//urdf/imu.xacro
[0.086s] -- Up-to-date: /home/robousr/ws_proyecto/omnidirectional_pkgs/install/omnidirectional_description/share/omnidirectional_description//urdf/lidar.xacro
[0.086s] -- Up-to-date: /home/robousr/ws_proyecto/omnidirectional_pkgs/install/omnidirectional_description/share/omnidirectional_description//urdf/omnidirectional_control.xacro
[0.086s] -- Up-to-date: /home/robousr/ws_proyecto/omnidirectional_pkgs/install/omnidirectional_description/share/omnidirectional_description//urdf/omnidirectional_gz_propierties.xacro
[0.086s] -- Up-to-date: /home/robousr/ws_proyecto/omnidirectional_pkgs/install/omnidirectional_description/share/omnidirectional_description//urdf/camera.xacro
[0.086s] -- Up-to-date: /home/robousr/ws_proyecto/omnidirectional_pkgs/install/omnidirectional_description/share/omnidirectional_description//launch
[0.086s] -- Up-to-date: /home/robousr/ws_proyecto/omnidirectional_pkgs/install/omnidirectional_description/share/omnidirectional_description//launch/display.launch.xml
[0.086s] -- Up-to-date: /home/robousr/ws_proyecto/omnidirectional_pkgs/install/omnidirectional_description/share/omnidirectional_description//rviz
[0.086s] -- Up-to-date: /home/robousr/ws_proyecto/omnidirectional_pkgs/install/omnidirectional_description/share/omnidirectional_description//rviz/omnidirectional_rviz.rviz
[0.086s] -- Up-to-date: /home/robousr/ws_proyecto/omnidirectional_pkgs/install/omnidirectional_description/share/omnidirectional_description//rviz/urdf.rviz
[0.086s] -- Up-to-date: /home/robousr/ws_proyecto/omnidirectional_pkgs/install/omnidirectional_description/share/omnidirectional_description//config
[0.086s] -- Up-to-date: /home/robousr/ws_proyecto/omnidirectional_pkgs/install/omnidirectional_description/share/omnidirectional_description//config/omni_velocity_controller.yaml
[0.086s] -- Up-to-date: /home/robousr/ws_proyecto/omnidirectional_pkgs/install/omnidirectional_description/share/ament_index/resource_index/package_run_dependencies/omnidirectional_description
[0.087s] -- Up-to-date: /home/robousr/ws_proyecto/omnidirectional_pkgs/install/omnidirectional_description/share/ament_index/resource_index/parent_prefix_path/omnidirectional_description
[0.087s] -- Up-to-date: /home/robousr/ws_proyecto/omnidirectional_pkgs/install/omnidirectional_description/share/omnidirectional_description/environment/ament_prefix_path.sh
[0.087s] -- Up-to-date: /home/robousr/ws_proyecto/omnidirectional_pkgs/install/omnidirectional_description/share/omnidirectional_description/environment/ament_prefix_path.dsv
[0.087s] -- Up-to-date: /home/robousr/ws_proyecto/omnidirectional_pkgs/install/omnidirectional_description/share/omnidirectional_description/environment/path.sh
[0.087s] -- Up-to-date: /home/robousr/ws_proyecto/omnidirectional_pkgs/install/omnidirectional_description/share/omnidirectional_description/environment/path.dsv
[0.087s] -- Up-to-date: /home/robousr/ws_proyecto/omnidirectional_pkgs/install/omnidirectional_description/share/omnidirectional_description/local_setup.bash
[0.088s] -- Up-to-date: /home/robousr/ws_proyecto/omnidirectional_pkgs/install/omnidirectional_description/share/omnidirectional_description/local_setup.sh
[0.088s] -- Up-to-date: /home/robousr/ws_proyecto/omnidirectional_pkgs/install/omnidirectional_description/share/omnidirectional_description/local_setup.zsh
[0.088s] -- Up-to-date: /home/robousr/ws_proyecto/omnidirectional_pkgs/install/omnidirectional_description/share/omnidirectional_description/local_setup.dsv
[0.088s] -- Up-to-date: /home/robousr/ws_proyecto/omnidirectional_pkgs/install/omnidirectional_description/share/omnidirectional_description/package.dsv
[0.089s] -- Up-to-date: /home/robousr/ws_proyecto/omnidirectional_pkgs/install/omnidirectional_description/share/ament_index/resource_index/packages/omnidirectional_description
[0.089s] -- Up-to-date: /home/robousr/ws_proyecto/omnidirectional_pkgs/install/omnidirectional_description/share/omnidirectional_description/cmake/omnidirectional_descriptionConfig.cmake
[0.089s] -- Up-to-date: /home/robousr/ws_proyecto/omnidirectional_pkgs/install/omnidirectional_description/share/omnidirectional_description/cmake/omnidirectional_descriptionConfig-version.cmake
[0.089s] -- Up-to-date: /home/robousr/ws_proyecto/omnidirectional_pkgs/install/omnidirectional_description/share/omnidirectional_description/package.xml
[0.098s] Invoked command in '/home/robousr/ws_proyecto/omnidirectional_pkgs/build/omnidirectional_description' returned '0': CMAKE_PREFIX_PATH=${CMAKE_PREFIX_PATH}:/opt/ros/humble /usr/bin/cmake --install /home/robousr/ws_proyecto/omnidirectional_pkgs/build/omnidirectional_description
