-- Install configuration: ""
-- Up-to-date: /home/robousr/ws_proyecto/omnidirectional_pkgs/install/omnidirectional_bringup/share/omnidirectional_bringup//launch
-- Up-to-date: /home/robousr/ws_proyecto/omnidirectional_pkgs/install/omnidirectional_bringup/share/omnidirectional_bringup//launch/omni_test.launch.xml
-- Up-to-date: /home/robousr/ws_proyecto/omnidirectional_pkgs/install/omnidirectional_bringup/share/omnidirectional_bringup//launch/omni_controller.launch.py
-- Up-to-date: /home/robousr/ws_proyecto/omnidirectional_pkgs/install/omnidirectional_bringup/share/omnidirectional_bringup//rviz
-- Up-to-date: /home/robousr/ws_proyecto/omnidirectional_pkgs/install/omnidirectional_bringup/share/omnidirectional_bringup//rviz/omni_control_rviz.rviz
-- Up-to-date: /home/robousr/ws_proyecto/omnidirectional_pkgs/install/omnidirectional_bringup/share/omnidirectional_bringup//world
-- Up-to-date: /home/robousr/ws_proyecto/omnidirectional_pkgs/install/omnidirectional_bringup/share/omnidirectional_bringup//world/test_w_1.world
-- Up-to-date: /home/robousr/ws_proyecto/omnidirectional_pkgs/install/omnidirectional_bringup/share/omnidirectional_bringup//scripts
-- Up-to-date: /home/robousr/ws_proyecto/omnidirectional_pkgs/install/omnidirectional_bringup/share/ament_index/resource_index/package_run_dependencies/omnidirectional_bringup
-- Up-to-date: /home/robousr/ws_proyecto/omnidirectional_pkgs/install/omnidirectional_bringup/share/ament_index/resource_index/parent_prefix_path/omnidirectional_bringup
-- Up-to-date: /home/robousr/ws_proyecto/omnidirectional_pkgs/install/omnidirectional_bringup/share/omnidirectional_bringup/environment/ament_prefix_path.sh
-- Up-to-date: /home/robousr/ws_proyecto/omnidirectional_pkgs/install/omnidirectional_bringup/share/omnidirectional_bringup/environment/ament_prefix_path.dsv
-- Up-to-date: /home/robousr/ws_proyecto/omnidirectional_pkgs/install/omnidirectional_bringup/share/omnidirectional_bringup/environment/path.sh
-- Up-to-date: /home/robousr/ws_proyecto/omnidirectional_pkgs/install/omnidirectional_bringup/share/omnidirectional_bringup/environment/path.dsv
-- Up-to-date: /home/robousr/ws_proyecto/omnidirectional_pkgs/install/omnidirectional_bringup/share/omnidirectional_bringup/local_setup.bash
-- Up-to-date: /home/robousr/ws_proyecto/omnidirectional_pkgs/install/omnidirectional_bringup/share/omnidirectional_bringup/local_setup.sh
-- Up-to-date: /home/robousr/ws_proyecto/omnidirectional_pkgs/install/omnidirectional_bringup/share/omnidirectional_bringup/local_setup.zsh
-- Up-to-date: /home/robousr/ws_proyecto/omnidirectional_pkgs/install/omnidirectional_bringup/share/omnidirectional_bringup/local_setup.dsv
-- Up-to-date: /home/robousr/ws_proyecto/omnidirectional_pkgs/install/omnidirectional_bringup/share/omnidirectional_bringup/package.dsv
-- Up-to-date: /home/robousr/ws_proyecto/omnidirectional_pkgs/install/omnidirectional_bringup/share/ament_index/resource_index/packages/omnidirectional_bringup
-- Up-to-date: /home/robousr/ws_proyecto/omnidirectional_pkgs/install/omnidirectional_bringup/share/omnidirectional_bringup/cmake/omnidirectional_bringupConfig.cmake
-- Up-to-date: /home/robousr/ws_proyecto/omnidirectional_pkgs/install/omnidirectional_bringup/share/omnidirectional_bringup/cmake/omnidirectional_bringupConfig-version.cmake
-- Up-to-date: /home/robousr/ws_proyecto/omnidirectional_pkgs/install/omnidirectional_bringup/share/omnidirectional_bringup/package.xml
