[0.014s] Invoking command in '/home/robousr/ws_proyecto/omnidirectional_pkgs/build/omnidirectional_bringup': CMAKE_PREFIX_PATH=${CMAKE_PREFIX_PATH}:/opt/ros/humble /usr/bin/cmake --build /home/robousr/ws_proyecto/omnidirectional_pkgs/build/omnidirectional_bringup -- -j4 -l4
[0.051s] Invoked command in '/home/robousr/ws_proyecto/omnidirectional_pkgs/build/omnidirectional_bringup' returned '0': CMAKE_PREFIX_PATH=${CMAKE_PREFIX_PATH}:/opt/ros/humble /usr/bin/cmake --build /home/robousr/ws_proyecto/omnidirectional_pkgs/build/omnidirectional_bringup -- -j4 -l4
[0.080s] Invoking command in '/home/robousr/ws_proyecto/omnidirectional_pkgs/build/omnidirectional_bringup': CMAKE_PREFIX_PATH=${CMAKE_PREFIX_PATH}:/opt/ros/humble /usr/bin/cmake --install /home/robousr/ws_proyecto/omnidirectional_pkgs/build/omnidirectional_bringup
[0.087s] -- Install configuration: ""
[0.087s] -- Up-to-date: /home/robousr/ws_proyecto/omnidirectional_pkgs/install/omnidirectional_bringup/share/omnidirectional_bringup//launch
[0.088s] -- Up-to-date: /home/robousr/ws_proyecto/omnidirectional_pkgs/install/omnidirectional_bringup/share/omnidirectional_bringup//launch/omni_test.launch.xml
[0.089s] -- Up-to-date: /home/robousr/ws_proyecto/omnidirectional_pkgs/install/omnidirectional_bringup/share/omnidirectional_bringup//launch/omni_controller.launch.py
[0.089s] -- Up-to-date: /home/robousr/ws_proyecto/omnidirectional_pkgs/install/omnidirectional_bringup/share/omnidirectional_bringup//rviz
[0.089s] -- Up-to-date: /home/robousr/ws_proyecto/omnidirectional_pkgs/install/omnidirectional_bringup/share/omnidirectional_bringup//rviz/omni_control_rviz.rviz
[0.089s] -- Up-to-date: /home/robousr/ws_proyecto/omnidirectional_pkgs/install/omnidirectional_bringup/share/omnidirectional_bringup//world
[0.089s] -- Up-to-date: /home/robousr/ws_proyecto/omnidirectional_pkgs/install/omnidirectional_bringup/share/omnidirectional_bringup//world/test_w_1.world
[0.089s] -- Up-to-date: /home/robousr/ws_proyecto/omnidirectional_pkgs/install/omnidirectional_bringup/share/omnidirectional_bringup//scripts
[0.089s] -- Up-to-date: /home/robousr/ws_proyecto/omnidirectional_pkgs/install/omnidirectional_bringup/share/ament_index/resource_index/package_run_dependencies/omnidirectional_bringup
[0.089s] -- Up-to-date: /home/robousr/ws_proyecto/omnidirectional_pkgs/install/omnidirectional_bringup/share/ament_index/resource_index/parent_prefix_path/omnidirectional_bringup
[0.089s] -- Up-to-date: /home/robousr/ws_proyecto/omnidirectional_pkgs/install/omnidirectional_bringup/share/omnidirectional_bringup/environment/ament_prefix_path.sh
[0.089s] -- Up-to-date: /home/robousr/ws_proyecto/omnidirectional_pkgs/install/omnidirectional_bringup/share/omnidirectional_bringup/environment/ament_prefix_path.dsv
[0.089s] -- Up-to-date: /home/robousr/ws_proyecto/omnidirectional_pkgs/install/omnidirectional_bringup/share/omnidirectional_bringup/environment/path.sh
[0.089s] -- Up-to-date: /home/robousr/ws_proyecto/omnidirectional_pkgs/install/omnidirectional_bringup/share/omnidirectional_bringup/environment/path.dsv
[0.089s] -- Up-to-date: /home/robousr/ws_proyecto/omnidirectional_pkgs/install/omnidirectional_bringup/share/omnidirectional_bringup/local_setup.bash
[0.089s] -- Up-to-date: /home/robousr/ws_proyecto/omnidirectional_pkgs/install/omnidirectional_bringup/share/omnidirectional_bringup/local_setup.sh
[0.089s] -- Up-to-date: /home/robousr/ws_proyecto/omnidirectional_pkgs/install/omnidirectional_bringup/share/omnidirectional_bringup/local_setup.zsh
[0.089s] -- Up-to-date: /home/robousr/ws_proyecto/omnidirectional_pkgs/install/omnidirectional_bringup/share/omnidirectional_bringup/local_setup.dsv
[0.089s] -- Up-to-date: /home/robousr/ws_proyecto/omnidirectional_pkgs/install/omnidirectional_bringup/share/omnidirectional_bringup/package.dsv
[0.089s] -- Up-to-date: /home/robousr/ws_proyecto/omnidirectional_pkgs/install/omnidirectional_bringup/share/ament_index/resource_index/packages/omnidirectional_bringup
[0.089s] -- Up-to-date: /home/robousr/ws_proyecto/omnidirectional_pkgs/install/omnidirectional_bringup/share/omnidirectional_bringup/cmake/omnidirectional_bringupConfig.cmake
[0.089s] -- Up-to-date: /home/robousr/ws_proyecto/omnidirectional_pkgs/install/omnidirectional_bringup/share/omnidirectional_bringup/cmake/omnidirectional_bringupConfig-version.cmake
[0.089s] -- Up-to-date: /home/robousr/ws_proyecto/omnidirectional_pkgs/install/omnidirectional_bringup/share/omnidirectional_bringup/package.xml
[0.094s] Invoked command in '/home/robousr/ws_proyecto/omnidirectional_pkgs/build/omnidirectional_bringup' returned '0': CMAKE_PREFIX_PATH=${CMAKE_PREFIX_PATH}:/opt/ros/humble /usr/bin/cmake --install /home/robousr/ws_proyecto/omnidirectional_pkgs/build/omnidirectional_bringup
